<?xml version="1.0" encoding="UTF-8"?>
<testng-results skipped="0" failed="0" ignored="0" total="1" passed="1">
  <reporter-output>
  </reporter-output>
  <suite name="Default suite" duration-ms="19190" started-at="2017-09-19T06:04:48Z" finished-at="2017-09-19T06:05:07Z">
    <groups>
    </groups>
    <test name="Default test" duration-ms="19190" started-at="2017-09-19T06:04:48Z" finished-at="2017-09-19T06:05:07Z">
      <class name="seleniuminterviewquestions.ScrollFunction">
        <test-method status="PASS" signature="scrollVerify()[pri:0, instance:seleniuminterviewquestions.ScrollFunction@46d56d67]" name="scrollVerify" duration-ms="19168" started-at="2017-09-19T02:04:48Z" finished-at="2017-09-19T02:05:07Z">
          <reporter-output>
          </reporter-output>
        </test-method> <!-- scrollVerify -->
      </class> <!-- seleniuminterviewquestions.ScrollFunction -->
    </test> <!-- Default test -->
  </suite> <!-- Default suite -->
</testng-results>
